{"/home/vupx/code/interviews/momos-interview/frontend/src/components/Button/index.tsx": {"path":"/home/vupx/code/interviews/momos-interview/frontend/src/components/Button/index.tsx","statementMap":{"0":{"start":{"line":13,"column":15},"end":{"line":36,"column":1}},"1":{"start":{"line":22,"column":2},"end":{"line":35,"column":11}}},"fnMap":{"0":{"name":"(anonymous_0)","decl":{"start":{"line":13,"column":15},"end":{"line":13,"column":16}},"loc":{"start":{"line":22,"column":2},"end":{"line":35,"column":11}},"line":22}},"branchMap":{},"s":{"0":2,"1":38},"f":{"0":38},"b":{},"_coverageSchema":"1a1c01bbd47fc00a2c39e90264f33305004495a9","hash":"118f810e247336ac8168935be342cb3347564ae5"}
,"/home/vupx/code/interviews/momos-interview/frontend/src/components/Input/index.tsx": {"path":"/home/vupx/code/interviews/momos-interview/frontend/src/components/Input/index.tsx","statementMap":{"0":{"start":{"line":12,"column":14},"end":{"line":34,"column":1}},"1":{"start":{"line":20,"column":2},"end":{"line":33,"column":4}}},"fnMap":{"0":{"name":"(anonymous_0)","decl":{"start":{"line":12,"column":14},"end":{"line":12,"column":15}},"loc":{"start":{"line":19,"column":18},"end":{"line":34,"column":1}},"line":19}},"branchMap":{},"s":{"0":2,"1":17},"f":{"0":17},"b":{},"_coverageSchema":"1a1c01bbd47fc00a2c39e90264f33305004495a9","hash":"fa523e5e220e32a61a23dbea2ee7cc985c31b4c4"}
,"/home/vupx/code/interviews/momos-interview/frontend/src/components/Modal/index.tsx": {"path":"/home/vupx/code/interviews/momos-interview/frontend/src/components/Modal/index.tsx","statementMap":{"0":{"start":{"line":7,"column":14},"end":{"line":47,"column":1}},"1":{"start":{"line":8,"column":2},"end":{"line":46,"column":8}}},"fnMap":{"0":{"name":"(anonymous_0)","decl":{"start":{"line":7,"column":14},"end":{"line":7,"column":15}},"loc":{"start":{"line":8,"column":2},"end":{"line":46,"column":8}},"line":8}},"branchMap":{},"s":{"0":1,"1":5},"f":{"0":5},"b":{},"_coverageSchema":"1a1c01bbd47fc00a2c39e90264f33305004495a9","hash":"050ee6371847a8eab6b18a4187ea44683eec26ec"}
,"/home/vupx/code/interviews/momos-interview/frontend/src/components/NotionFilterModal/index.tsx": {"path":"/home/vupx/code/interviews/momos-interview/frontend/src/components/NotionFilterModal/index.tsx","statementMap":{"0":{"start":{"line":18,"column":26},"end":{"line":116,"column":1}},"1":{"start":{"line":25,"column":18},"end":{"line":27,"column":4}},"2":{"start":{"line":29,"column":21},"end":{"line":32,"column":4}},"3":{"start":{"line":34,"column":66},"end":{"line":44,"column":3}},"4":{"start":{"line":35,"column":4},"end":{"line":35,"column":25}},"5":{"start":{"line":36,"column":4},"end":{"line":43,"column":7}},"6":{"start":{"line":46,"column":20},"end":{"line":51,"column":3}},"7":{"start":{"line":47,"column":19},"end":{"line":47,"column":61}},"8":{"start":{"line":48,"column":4},"end":{"line":50,"column":5}},"9":{"start":{"line":49,"column":6},"end":{"line":49,"column":39}},"10":{"start":{"line":55,"column":6},"end":{"line":55,"column":13}},"11":{"start":{"line":57,"column":2},"end":{"line":114,"column":3}},"12":{"start":{"line":58,"column":4},"end":{"line":113,"column":6}},"13":{"start":{"line":66,"column":20},"end":{"line":76,"column":22}},"14":{"start":{"line":72,"column":24},"end":{"line":72,"column":49}},"15":{"start":{"line":92,"column":22},"end":{"line":92,"column":51}},"16":{"start":{"line":93,"column":22},"end":{"line":93,"column":35}},"17":{"start":{"line":115,"column":2},"end":{"line":115,"column":14}}},"fnMap":{"0":{"name":"(anonymous_0)","decl":{"start":{"line":18,"column":26},"end":{"line":18,"column":27}},"loc":{"start":{"line":24,"column":30},"end":{"line":116,"column":1}},"line":24},"1":{"name":"(anonymous_1)","decl":{"start":{"line":34,"column":66},"end":{"line":34,"column":67}},"loc":{"start":{"line":34,"column":75},"end":{"line":44,"column":3}},"line":34},"2":{"name":"(anonymous_2)","decl":{"start":{"line":46,"column":20},"end":{"line":46,"column":21}},"loc":{"start":{"line":46,"column":44},"end":{"line":51,"column":3}},"line":46},"3":{"name":"(anonymous_3)","decl":{"start":{"line":65,"column":43},"end":{"line":65,"column":44}},"loc":{"start":{"line":66,"column":20},"end":{"line":76,"column":22}},"line":66},"4":{"name":"(anonymous_4)","decl":{"start":{"line":71,"column":32},"end":{"line":71,"column":33}},"loc":{"start":{"line":71,"column":38},"end":{"line":73,"column":23}},"line":71},"5":{"name":"(anonymous_5)","decl":{"start":{"line":91,"column":29},"end":{"line":91,"column":30}},"loc":{"start":{"line":91,"column":35},"end":{"line":94,"column":21}},"line":91}},"branchMap":{"0":{"loc":{"start":{"line":39,"column":8},"end":{"line":42,"column":56}},"type":"binary-expr","locations":[{"start":{"line":39,"column":9},"end":{"line":42,"column":16}},{"start":{"line":42,"column":21},"end":{"line":42,"column":56}}],"line":39},"1":{"loc":{"start":{"line":48,"column":4},"end":{"line":50,"column":5}},"type":"if","locations":[{"start":{"line":48,"column":4},"end":{"line":50,"column":5}},{"start":{},"end":{}}],"line":48},"2":{"loc":{"start":{"line":57,"column":2},"end":{"line":114,"column":3}},"type":"if","locations":[{"start":{"line":57,"column":2},"end":{"line":114,"column":3}},{"start":{},"end":{}}],"line":57}},"s":{"0":1,"1":5,"2":5,"3":5,"4":0,"5":0,"6":5,"7":2,"8":2,"9":2,"10":5,"11":5,"12":5,"13":9,"14":0,"15":0,"16":0,"17":0},"f":{"0":5,"1":0,"2":2,"3":9,"4":0,"5":0},"b":{"0":[0,0],"1":[2,0],"2":[5,0]},"_coverageSchema":"1a1c01bbd47fc00a2c39e90264f33305004495a9","hash":"f8ac99fb0e8105b4359241815cbcad0063cc567c"}
,"/home/vupx/code/interviews/momos-interview/frontend/src/components/NotionFilterModal/CompoundInput/index.tsx": {"path":"/home/vupx/code/interviews/momos-interview/frontend/src/components/NotionFilterModal/CompoundInput/index.tsx","statementMap":{"0":{"start":{"line":24,"column":18},"end":{"line":24,"column":19}},"1":{"start":{"line":26,"column":38},"end":{"line":30,"column":26}},"2":{"start":{"line":32,"column":22},"end":{"line":223,"column":1}},"3":{"start":{"line":40,"column":39},"end":{"line":40,"column":67}},"4":{"start":{"line":41,"column":20},"end":{"line":41,"column":46}},"5":{"start":{"line":42,"column":19},"end":{"line":42,"column":60}},"6":{"start":{"line":44,"column":25},"end":{"line":46,"column":3}},"7":{"start":{"line":45,"column":4},"end":{"line":45,"column":57}},"8":{"start":{"line":48,"column":25},"end":{"line":48,"column":56}},"9":{"start":{"line":50,"column":4},"end":{"line":50,"column":55}},"10":{"start":{"line":53,"column":4},"end":{"line":55,"column":10}},"11":{"start":{"line":57,"column":24},"end":{"line":61,"column":4}},"12":{"start":{"line":63,"column":2},"end":{"line":222,"column":4}},"13":{"start":{"line":79,"column":12},"end":{"line":95,"column":14}},"14":{"start":{"line":83,"column":30},"end":{"line":83,"column":46}},"15":{"start":{"line":84,"column":16},"end":{"line":84,"column":32}},"16":{"start":{"line":85,"column":30},"end":{"line":85,"column":56}},"17":{"start":{"line":86,"column":16},"end":{"line":89,"column":17}},"18":{"start":{"line":86,"column":29},"end":{"line":86,"column":30}},"19":{"start":{"line":88,"column":18},"end":{"line":88,"column":66}},"20":{"start":{"line":106,"column":14},"end":{"line":124,"column":16}},"21":{"start":{"line":110,"column":18},"end":{"line":110,"column":32}},"22":{"start":{"line":112,"column":18},"end":{"line":112,"column":47}},"23":{"start":{"line":113,"column":38},"end":{"line":113,"column":54}},"24":{"start":{"line":114,"column":18},"end":{"line":118,"column":20}},"25":{"start":{"line":120,"column":18},"end":{"line":120,"column":67}},"26":{"start":{"line":132,"column":14},"end":{"line":143,"column":16}},"27":{"start":{"line":136,"column":18},"end":{"line":136,"column":32}},"28":{"start":{"line":138,"column":18},"end":{"line":138,"column":67}},"29":{"start":{"line":152,"column":31},"end":{"line":152,"column":60}},"30":{"start":{"line":153,"column":14},"end":{"line":166,"column":15}},"31":{"start":{"line":155,"column":18},"end":{"line":155,"column":71}},"32":{"start":{"line":156,"column":16},"end":{"line":165,"column":18}},"33":{"start":{"line":167,"column":14},"end":{"line":175,"column":16}},"34":{"start":{"line":190,"column":12},"end":{"line":200,"column":14}},"35":{"start":{"line":197,"column":16},"end":{"line":197,"column":47}},"36":{"start":{"line":208,"column":14},"end":{"line":214,"column":17}}},"fnMap":{"0":{"name":"(anonymous_0)","decl":{"start":{"line":32,"column":22},"end":{"line":32,"column":23}},"loc":{"start":{"line":39,"column":27},"end":{"line":223,"column":1}},"line":39},"1":{"name":"(anonymous_1)","decl":{"start":{"line":44,"column":64},"end":{"line":44,"column":65}},"loc":{"start":{"line":45,"column":4},"end":{"line":45,"column":57}},"line":45},"2":{"name":"(anonymous_2)","decl":{"start":{"line":78,"column":18},"end":{"line":78,"column":19}},"loc":{"start":{"line":79,"column":12},"end":{"line":95,"column":14}},"line":79},"3":{"name":"(anonymous_3)","decl":{"start":{"line":82,"column":24},"end":{"line":82,"column":25}},"loc":{"start":{"line":82,"column":33},"end":{"line":90,"column":15}},"line":82},"4":{"name":"(anonymous_4)","decl":{"start":{"line":105,"column":20},"end":{"line":105,"column":21}},"loc":{"start":{"line":106,"column":14},"end":{"line":124,"column":16}},"line":106},"5":{"name":"(anonymous_5)","decl":{"start":{"line":109,"column":26},"end":{"line":109,"column":27}},"loc":{"start":{"line":109,"column":35},"end":{"line":121,"column":17}},"line":109},"6":{"name":"(anonymous_6)","decl":{"start":{"line":131,"column":20},"end":{"line":131,"column":21}},"loc":{"start":{"line":132,"column":14},"end":{"line":143,"column":16}},"line":132},"7":{"name":"(anonymous_7)","decl":{"start":{"line":135,"column":26},"end":{"line":135,"column":27}},"loc":{"start":{"line":135,"column":35},"end":{"line":139,"column":17}},"line":135},"8":{"name":"(anonymous_8)","decl":{"start":{"line":151,"column":20},"end":{"line":151,"column":21}},"loc":{"start":{"line":151,"column":56},"end":{"line":176,"column":13}},"line":151},"9":{"name":"(anonymous_9)","decl":{"start":{"line":189,"column":38},"end":{"line":189,"column":39}},"loc":{"start":{"line":190,"column":12},"end":{"line":200,"column":14}},"line":190},"10":{"name":"(anonymous_10)","decl":{"start":{"line":196,"column":24},"end":{"line":196,"column":25}},"loc":{"start":{"line":196,"column":30},"end":{"line":198,"column":15}},"line":196},"11":{"name":"(anonymous_11)","decl":{"start":{"line":207,"column":21},"end":{"line":207,"column":22}},"loc":{"start":{"line":207,"column":27},"end":{"line":215,"column":13}},"line":207}},"branchMap":{"0":{"loc":{"start":{"line":44,"column":26},"end":{"line":44,"column":55}},"type":"binary-expr","locations":[{"start":{"line":44,"column":26},"end":{"line":44,"column":49}},{"start":{"line":44,"column":53},"end":{"line":44,"column":55}}],"line":44},"1":{"loc":{"start":{"line":50,"column":4},"end":{"line":50,"column":55}},"type":"binary-expr","locations":[{"start":{"line":50,"column":4},"end":{"line":50,"column":49}},{"start":{"line":50,"column":53},"end":{"line":50,"column":55}}],"line":50},"2":{"loc":{"start":{"line":68,"column":7},"end":{"line":98,"column":7}},"type":"cond-expr","locations":[{"start":{"line":69,"column":8},"end":{"line":71,"column":14}},{"start":{"line":73,"column":8},"end":{"line":97,"column":10}}],"line":68},"3":{"loc":{"start":{"line":94,"column":24},"end":{"line":94,"column":70}},"type":"cond-expr","locations":[{"start":{"line":94,"column":45},"end":{"line":94,"column":56}},{"start":{"line":94,"column":59},"end":{"line":94,"column":70}}],"line":94},"4":{"loc":{"start":{"line":153,"column":14},"end":{"line":166,"column":15}},"type":"if","locations":[{"start":{"line":153,"column":14},"end":{"line":166,"column":15}},{"start":{},"end":{}}],"line":153},"5":{"loc":{"start":{"line":155,"column":18},"end":{"line":155,"column":71}},"type":"binary-expr","locations":[{"start":{"line":155,"column":18},"end":{"line":155,"column":65}},{"start":{"line":155,"column":69},"end":{"line":155,"column":71}}],"line":155},"6":{"loc":{"start":{"line":178,"column":11},"end":{"line":186,"column":11}},"type":"binary-expr","locations":[{"start":{"line":178,"column":11},"end":{"line":178,"column":21}},{"start":{"line":179,"column":12},"end":{"line":185,"column":21}}],"line":178},"7":{"loc":{"start":{"line":203,"column":9},"end":{"line":219,"column":9}},"type":"binary-expr","locations":[{"start":{"line":203,"column":9},"end":{"line":203,"column":19}},{"start":{"line":203,"column":23},"end":{"line":203,"column":47}},{"start":{"line":204,"column":10},"end":{"line":218,"column":19}}],"line":203}},"s":{"0":2,"1":2,"2":2,"3":25,"4":25,"5":25,"6":25,"7":175,"8":25,"9":25,"10":25,"11":25,"12":25,"13":14,"14":0,"15":0,"16":0,"17":0,"18":0,"19":0,"20":25,"21":1,"22":1,"23":1,"24":1,"25":1,"26":25,"27":1,"28":1,"29":25,"30":25,"31":8,"32":8,"33":17,"34":5,"35":1,"36":1},"f":{"0":25,"1":175,"2":14,"3":0,"4":25,"5":1,"6":25,"7":1,"8":25,"9":5,"10":1,"11":1},"b":{"0":[25,0],"1":[25,11],"2":[11,14],"3":[9,5],"4":[8,17],"5":[8,0],"6":[25,14],"7":[25,14,9]},"_coverageSchema":"1a1c01bbd47fc00a2c39e90264f33305004495a9","hash":"de230b9c55fcf9c4bc850ef9ae0a927edf5698ab"}
,"/home/vupx/code/interviews/momos-interview/frontend/src/components/NotionFilterModal/DeleteIcon/index.tsx": {"path":"/home/vupx/code/interviews/momos-interview/frontend/src/components/NotionFilterModal/DeleteIcon/index.tsx","statementMap":{"0":{"start":{"line":1,"column":19},"end":{"line":9,"column":1}},"1":{"start":{"line":2,"column":2},"end":{"line":8,"column":8}}},"fnMap":{"0":{"name":"(anonymous_0)","decl":{"start":{"line":1,"column":19},"end":{"line":1,"column":20}},"loc":{"start":{"line":2,"column":2},"end":{"line":8,"column":8}},"line":2}},"branchMap":{},"s":{"0":2,"1":14},"f":{"0":14},"b":{},"_coverageSchema":"1a1c01bbd47fc00a2c39e90264f33305004495a9","hash":"cfff00b7fe9986c5af4d9c0b6983f49ffc0f83a4"}
,"/home/vupx/code/interviews/momos-interview/frontend/src/components/NotionProperty/NotionText/index.tsx": {"path":"/home/vupx/code/interviews/momos-interview/frontend/src/components/NotionProperty/NotionText/index.tsx","statementMap":{"0":{"start":{"line":7,"column":5},"end":{"line":68,"column":1}},"1":{"start":{"line":8,"column":2},"end":{"line":67,"column":19}},"2":{"start":{"line":10,"column":6},"end":{"line":16,"column":7}},"3":{"start":{"line":11,"column":8},"end":{"line":15,"column":9}},"4":{"start":{"line":12,"column":10},"end":{"line":12,"column":67}},"5":{"start":{"line":14,"column":10},"end":{"line":14,"column":69}},"6":{"start":{"line":18,"column":24},"end":{"line":63,"column":7}},"7":{"start":{"line":20,"column":10},"end":{"line":60,"column":11}},"8":{"start":{"line":22,"column":14},"end":{"line":24,"column":16}},"9":{"start":{"line":27,"column":14},"end":{"line":27,"column":75}},"10":{"start":{"line":30,"column":14},"end":{"line":30,"column":38}},"11":{"start":{"line":33,"column":14},"end":{"line":33,"column":40}},"12":{"start":{"line":36,"column":14},"end":{"line":36,"column":38}},"13":{"start":{"line":39,"column":14},"end":{"line":41,"column":16}},"14":{"start":{"line":44,"column":24},"end":{"line":44,"column":36}},"15":{"start":{"line":46,"column":14},"end":{"line":55,"column":16}},"16":{"start":{"line":59,"column":14},"end":{"line":59,"column":29}},"17":{"start":{"line":65,"column":6},"end":{"line":65,"column":70}}},"fnMap":{"0":{"name":"(anonymous_0)","decl":{"start":{"line":7,"column":5},"end":{"line":7,"column":6}},"loc":{"start":{"line":8,"column":2},"end":{"line":67,"column":19}},"line":8},"1":{"name":"(anonymous_1)","decl":{"start":{"line":9,"column":16},"end":{"line":9,"column":17}},"loc":{"start":{"line":9,"column":48},"end":{"line":66,"column":5}},"line":9},"2":{"name":"(anonymous_2)","decl":{"start":{"line":19,"column":8},"end":{"line":19,"column":9}},"loc":{"start":{"line":19,"column":49},"end":{"line":61,"column":9}},"line":19}},"branchMap":{"0":{"loc":{"start":{"line":10,"column":6},"end":{"line":16,"column":7}},"type":"if","locations":[{"start":{"line":10,"column":6},"end":{"line":16,"column":7}},{"start":{},"end":{}}],"line":10},"1":{"loc":{"start":{"line":11,"column":8},"end":{"line":15,"column":9}},"type":"if","locations":[{"start":{"line":11,"column":8},"end":{"line":15,"column":9}},{"start":{"line":13,"column":15},"end":{"line":15,"column":9}}],"line":11},"2":{"loc":{"start":{"line":20,"column":10},"end":{"line":60,"column":11}},"type":"switch","locations":[{"start":{"line":21,"column":12},"end":{"line":24,"column":16}},{"start":{"line":26,"column":12},"end":{"line":27,"column":75}},{"start":{"line":29,"column":12},"end":{"line":30,"column":38}},{"start":{"line":32,"column":12},"end":{"line":33,"column":40}},{"start":{"line":35,"column":12},"end":{"line":36,"column":38}},{"start":{"line":38,"column":12},"end":{"line":41,"column":16}},{"start":{"line":43,"column":12},"end":{"line":56,"column":13}},{"start":{"line":58,"column":12},"end":{"line":59,"column":29}}],"line":20}},"s":{"0":2,"1":11,"2":11,"3":11,"4":0,"5":11,"6":0,"7":0,"8":0,"9":0,"10":0,"11":0,"12":0,"13":0,"14":0,"15":0,"16":0,"17":0},"f":{"0":11,"1":11,"2":0},"b":{"0":[11,0],"1":[0,11],"2":[0,0,0,0,0,0,0,0]},"_coverageSchema":"1a1c01bbd47fc00a2c39e90264f33305004495a9","hash":"aeddcc9fa30c6e8172a4f07a3bade73f2eac41d0"}
,"/home/vupx/code/interviews/momos-interview/frontend/src/components/Select/index.tsx": {"path":"/home/vupx/code/interviews/momos-interview/frontend/src/components/Select/index.tsx","statementMap":{"0":{"start":{"line":14,"column":15},"end":{"line":43,"column":1}},"1":{"start":{"line":23,"column":2},"end":{"line":42,"column":4}},"2":{"start":{"line":37,"column":8},"end":{"line":39,"column":17}}},"fnMap":{"0":{"name":"(anonymous_0)","decl":{"start":{"line":14,"column":15},"end":{"line":14,"column":16}},"loc":{"start":{"line":22,"column":19},"end":{"line":43,"column":1}},"line":22},"1":{"name":"(anonymous_1)","decl":{"start":{"line":36,"column":22},"end":{"line":36,"column":23}},"loc":{"start":{"line":37,"column":8},"end":{"line":39,"column":17}},"line":37}},"branchMap":{"0":{"loc":{"start":{"line":35,"column":7},"end":{"line":35,"column":67}},"type":"binary-expr","locations":[{"start":{"line":35,"column":7},"end":{"line":35,"column":23}},{"start":{"line":35,"column":27},"end":{"line":35,"column":67}}],"line":35}},"s":{"0":2,"1":72,"2":253},"f":{"0":72,"1":253},"b":{"0":[72,58]},"_coverageSchema":"1a1c01bbd47fc00a2c39e90264f33305004495a9","hash":"1ede2caa6546720f2de4d6dc9713fc87b78600f4"}
,"/home/vupx/code/interviews/momos-interview/frontend/src/mocks/dictionary.ts": {"path":"/home/vupx/code/interviews/momos-interview/frontend/src/mocks/dictionary.ts","statementMap":{"0":{"start":{"line":3,"column":37},"end":{"line":32,"column":1}}},"fnMap":{},"branchMap":{},"s":{"0":2},"f":{},"b":{},"_coverageSchema":"1a1c01bbd47fc00a2c39e90264f33305004495a9","hash":"1691502e445c5f3c31b504e95ca7dac29a1fab98"}
,"/home/vupx/code/interviews/momos-interview/frontend/src/utils/filter.ts": {"path":"/home/vupx/code/interviews/momos-interview/frontend/src/utils/filter.ts","statementMap":{"0":{"start":{"line":14,"column":2},"end":{"line":20,"column":3}},"1":{"start":{"line":22,"column":33},"end":{"line":86,"column":1}},"2":{"start":{"line":28,"column":22},"end":{"line":28,"column":31}},"3":{"start":{"line":29,"column":15},"end":{"line":29,"column":50}},"4":{"start":{"line":31,"column":15},"end":{"line":31,"column":44}},"5":{"start":{"line":35,"column":6},"end":{"line":44,"column":3}},"6":{"start":{"line":37,"column":6},"end":{"line":42,"column":14}},"7":{"start":{"line":45,"column":2},"end":{"line":75,"column":5}},"8":{"start":{"line":46,"column":4},"end":{"line":74,"column":7}},"9":{"start":{"line":47,"column":23},"end":{"line":47,"column":46}},"10":{"start":{"line":48,"column":6},"end":{"line":73,"column":7}},"11":{"start":{"line":50,"column":10},"end":{"line":52,"column":12}},"12":{"start":{"line":53,"column":10},"end":{"line":53,"column":17}},"13":{"start":{"line":56,"column":10},"end":{"line":58,"column":13}},"14":{"start":{"line":57,"column":12},"end":{"line":57,"column":52}},"15":{"start":{"line":59,"column":10},"end":{"line":59,"column":17}},"16":{"start":{"line":62,"column":10},"end":{"line":64,"column":12}},"17":{"start":{"line":65,"column":10},"end":{"line":65,"column":17}},"18":{"start":{"line":68,"column":10},"end":{"line":70,"column":12}},"19":{"start":{"line":71,"column":10},"end":{"line":71,"column":17}},"20":{"start":{"line":76,"column":2},"end":{"line":85,"column":4}},"21":{"start":{"line":77,"column":20},"end":{"line":83,"column":5}},"22":{"start":{"line":88,"column":30},"end":{"line":105,"column":1}},"23":{"start":{"line":89,"column":22},"end":{"line":89,"column":33}},"24":{"start":{"line":90,"column":2},"end":{"line":94,"column":3}},"25":{"start":{"line":91,"column":4},"end":{"line":91,"column":26}},"26":{"start":{"line":92,"column":9},"end":{"line":94,"column":3}},"27":{"start":{"line":93,"column":4},"end":{"line":93,"column":25}},"28":{"start":{"line":95,"column":2},"end":{"line":97,"column":3}},"29":{"start":{"line":96,"column":4},"end":{"line":96,"column":42}},"30":{"start":{"line":99,"column":2},"end":{"line":104,"column":4}},"31":{"start":{"line":106,"column":43},"end":{"line":150,"column":1}},"32":{"start":{"line":109,"column":12},"end":{"line":109,"column":28}},"33":{"start":{"line":110,"column":11},"end":{"line":110,"column":27}},"34":{"start":{"line":111,"column":2},"end":{"line":111,"column":37}},"35":{"start":{"line":111,"column":27},"end":{"line":111,"column":37}},"36":{"start":{"line":112,"column":2},"end":{"line":115,"column":3}},"37":{"start":{"line":113,"column":25},"end":{"line":113,"column":57}},"38":{"start":{"line":114,"column":4},"end":{"line":114,"column":57}},"39":{"start":{"line":117,"column":2},"end":{"line":144,"column":5}},"40":{"start":{"line":118,"column":20},"end":{"line":118,"column":36}},"41":{"start":{"line":120,"column":26},"end":{"line":120,"column":53}},"42":{"start":{"line":122,"column":4},"end":{"line":138,"column":5}},"43":{"start":{"line":123,"column":24},"end":{"line":125,"column":7}},"44":{"start":{"line":124,"column":15},"end":{"line":124,"column":39}},"45":{"start":{"line":126,"column":19},"end":{"line":126,"column":67}},"46":{"start":{"line":127,"column":6},"end":{"line":135,"column":7}},"47":{"start":{"line":128,"column":8},"end":{"line":130,"column":11}},"48":{"start":{"line":132,"column":8},"end":{"line":134,"column":11}},"49":{"start":{"line":137,"column":6},"end":{"line":137,"column":34}},"50":{"start":{"line":139,"column":4},"end":{"line":143,"column":5}},"51":{"start":{"line":140,"column":6},"end":{"line":140,"column":26}},"52":{"start":{"line":142,"column":6},"end":{"line":142,"column":27}},"53":{"start":{"line":146,"column":2},"end":{"line":149,"column":4}}},"fnMap":{"0":{"name":"(anonymous_0)","decl":{"start":{"line":22,"column":33},"end":{"line":22,"column":34}},"loc":{"start":{"line":27,"column":5},"end":{"line":86,"column":1}},"line":27},"1":{"name":"(anonymous_1)","decl":{"start":{"line":36,"column":4},"end":{"line":36,"column":5}},"loc":{"start":{"line":37,"column":6},"end":{"line":42,"column":14}},"line":37},"2":{"name":"(anonymous_2)","decl":{"start":{"line":45,"column":23},"end":{"line":45,"column":24}},"loc":{"start":{"line":45,"column":33},"end":{"line":75,"column":3}},"line":45},"3":{"name":"(anonymous_3)","decl":{"start":{"line":46,"column":17},"end":{"line":46,"column":18}},"loc":{"start":{"line":46,"column":26},"end":{"line":74,"column":5}},"line":46},"4":{"name":"(anonymous_4)","decl":{"start":{"line":56,"column":66},"end":{"line":56,"column":67}},"loc":{"start":{"line":56,"column":76},"end":{"line":58,"column":11}},"line":56},"5":{"name":"(anonymous_5)","decl":{"start":{"line":77,"column":4},"end":{"line":77,"column":5}},"loc":{"start":{"line":77,"column":20},"end":{"line":83,"column":5}},"line":77},"6":{"name":"(anonymous_6)","decl":{"start":{"line":88,"column":30},"end":{"line":88,"column":31}},"loc":{"start":{"line":88,"column":63},"end":{"line":105,"column":1}},"line":88},"7":{"name":"(anonymous_7)","decl":{"start":{"line":106,"column":43},"end":{"line":106,"column":44}},"loc":{"start":{"line":108,"column":44},"end":{"line":150,"column":1}},"line":108},"8":{"name":"(anonymous_8)","decl":{"start":{"line":117,"column":17},"end":{"line":117,"column":18}},"loc":{"start":{"line":117,"column":27},"end":{"line":144,"column":3}},"line":117},"9":{"name":"(anonymous_9)","decl":{"start":{"line":124,"column":8},"end":{"line":124,"column":9}},"loc":{"start":{"line":124,"column":15},"end":{"line":124,"column":39}},"line":124}},"branchMap":{"0":{"loc":{"start":{"line":31,"column":15},"end":{"line":31,"column":44}},"type":"binary-expr","locations":[{"start":{"line":31,"column":15},"end":{"line":31,"column":38}},{"start":{"line":31,"column":42},"end":{"line":31,"column":44}}],"line":31},"1":{"loc":{"start":{"line":31,"column":27},"end":{"line":31,"column":37}},"type":"binary-expr","locations":[{"start":{"line":31,"column":27},"end":{"line":31,"column":31}},{"start":{"line":31,"column":35},"end":{"line":31,"column":37}}],"line":31},"2":{"loc":{"start":{"line":37,"column":6},"end":{"line":42,"column":14}},"type":"cond-expr","locations":[{"start":{"line":38,"column":10},"end":{"line":41,"column":11}},{"start":{"line":42,"column":10},"end":{"line":42,"column":14}}],"line":37},"3":{"loc":{"start":{"line":48,"column":6},"end":{"line":73,"column":7}},"type":"switch","locations":[{"start":{"line":49,"column":8},"end":{"line":54,"column":9}},{"start":{"line":55,"column":8},"end":{"line":60,"column":9}},{"start":{"line":61,"column":8},"end":{"line":66,"column":9}},{"start":{"line":67,"column":8},"end":{"line":72,"column":9}}],"line":48},"4":{"loc":{"start":{"line":81,"column":31},"end":{"line":81,"column":69}},"type":"binary-expr","locations":[{"start":{"line":81,"column":31},"end":{"line":81,"column":63}},{"start":{"line":81,"column":67},"end":{"line":81,"column":69}}],"line":81},"5":{"loc":{"start":{"line":90,"column":2},"end":{"line":94,"column":3}},"type":"if","locations":[{"start":{"line":90,"column":2},"end":{"line":94,"column":3}},{"start":{"line":92,"column":9},"end":{"line":94,"column":3}}],"line":90},"6":{"loc":{"start":{"line":92,"column":9},"end":{"line":94,"column":3}},"type":"if","locations":[{"start":{"line":92,"column":9},"end":{"line":94,"column":3}},{"start":{},"end":{}}],"line":92},"7":{"loc":{"start":{"line":95,"column":2},"end":{"line":97,"column":3}},"type":"if","locations":[{"start":{"line":95,"column":2},"end":{"line":97,"column":3}},{"start":{},"end":{}}],"line":95},"8":{"loc":{"start":{"line":111,"column":2},"end":{"line":111,"column":37}},"type":"if","locations":[{"start":{"line":111,"column":2},"end":{"line":111,"column":37}},{"start":{},"end":{}}],"line":111},"9":{"loc":{"start":{"line":112,"column":2},"end":{"line":115,"column":3}},"type":"if","locations":[{"start":{"line":112,"column":2},"end":{"line":115,"column":3}},{"start":{},"end":{}}],"line":112},"10":{"loc":{"start":{"line":122,"column":4},"end":{"line":138,"column":5}},"type":"if","locations":[{"start":{"line":122,"column":4},"end":{"line":138,"column":5}},{"start":{"line":136,"column":11},"end":{"line":138,"column":5}}],"line":122},"11":{"loc":{"start":{"line":122,"column":8},"end":{"line":122,"column":77}},"type":"binary-expr","locations":[{"start":{"line":122,"column":8},"end":{"line":122,"column":42}},{"start":{"line":122,"column":46},"end":{"line":122,"column":77}}],"line":122},"12":{"loc":{"start":{"line":127,"column":6},"end":{"line":135,"column":7}},"type":"if","locations":[{"start":{"line":127,"column":6},"end":{"line":135,"column":7}},{"start":{"line":131,"column":13},"end":{"line":135,"column":7}}],"line":127},"13":{"loc":{"start":{"line":129,"column":34},"end":{"line":129,"column":64}},"type":"binary-expr","locations":[{"start":{"line":129,"column":34},"end":{"line":129,"column":42}},{"start":{"line":129,"column":47},"end":{"line":129,"column":63}}],"line":129},"14":{"loc":{"start":{"line":133,"column":35},"end":{"line":133,"column":66}},"type":"binary-expr","locations":[{"start":{"line":133,"column":35},"end":{"line":133,"column":44}},{"start":{"line":133,"column":49},"end":{"line":133,"column":65}}],"line":133},"15":{"loc":{"start":{"line":139,"column":4},"end":{"line":143,"column":5}},"type":"if","locations":[{"start":{"line":139,"column":4},"end":{"line":143,"column":5}},{"start":{"line":141,"column":11},"end":{"line":143,"column":5}}],"line":139},"16":{"loc":{"start":{"line":147,"column":8},"end":{"line":147,"column":37}},"type":"cond-expr","locations":[{"start":{"line":147,"column":25},"end":{"line":147,"column":32}},{"start":{"line":147,"column":35},"end":{"line":147,"column":37}}],"line":147},"17":{"loc":{"start":{"line":148,"column":8},"end":{"line":148,"column":35}},"type":"cond-expr","locations":[{"start":{"line":148,"column":24},"end":{"line":148,"column":30}},{"start":{"line":148,"column":33},"end":{"line":148,"column":35}}],"line":148}},"s":{"0":2,"1":2,"2":0,"3":0,"4":0,"5":0,"6":0,"7":0,"8":0,"9":0,"10":0,"11":0,"12":0,"13":0,"14":0,"15":0,"16":0,"17":0,"18":0,"19":0,"20":0,"21":0,"22":2,"23":6,"24":6,"25":1,"26":5,"27":0,"28":6,"29":3,"30":6,"31":2,"32":3,"33":3,"34":3,"35":0,"36":3,"37":0,"38":0,"39":3,"40":6,"41":6,"42":6,"43":1,"44":1,"45":1,"46":1,"47":1,"48":0,"49":5,"50":6,"51":2,"52":4,"53":3},"f":{"0":0,"1":0,"2":0,"3":0,"4":0,"5":0,"6":6,"7":3,"8":6,"9":1},"b":{"0":[0,0],"1":[0,0],"2":[0,0],"3":[0,0,0,0],"4":[0,0],"5":[1,5],"6":[0,5],"7":[3,3],"8":[0,3],"9":[0,3],"10":[1,5],"11":[6,6],"12":[1,0],"13":[1,0],"14":[0,0],"15":[2,4],"16":[2,1],"17":[1,2]},"_coverageSchema":"1a1c01bbd47fc00a2c39e90264f33305004495a9","hash":"e4b23796e74c6334cbea2efea53d46d6fb3bd480"}
}
