TN:
SF:src/components/Button/index.tsx
FN:13,(anonymous_0)
FNF:1
FNH:1
FNDA:38,(anonymous_0)
DA:13,2
DA:22,38
LF:2
LH:2
BRF:0
BRH:0
end_of_record
TN:
SF:src/components/Input/index.tsx
FN:12,(anonymous_0)
FNF:1
FNH:1
FNDA:17,(anonymous_0)
DA:12,2
DA:20,17
LF:2
LH:2
BRF:0
BRH:0
end_of_record
TN:
SF:src/components/Modal/index.tsx
FN:7,(anonymous_0)
FNF:1
FNH:1
FNDA:5,(anonymous_0)
DA:7,1
DA:8,5
LF:2
LH:2
BRF:0
BRH:0
end_of_record
TN:
SF:src/components/NotionFilterModal/index.tsx
FN:18,(anonymous_0)
FN:34,(anonymous_1)
FN:46,(anonymous_2)
FN:65,(anonymous_3)
FN:71,(anonymous_4)
FN:91,(anonymous_5)
FNF:6
FNH:3
FNDA:5,(anonymous_0)
FNDA:0,(anonymous_1)
FNDA:2,(anonymous_2)
FNDA:9,(anonymous_3)
FNDA:0,(anonymous_4)
FNDA:0,(anonymous_5)
DA:18,1
DA:25,5
DA:29,5
DA:34,5
DA:35,0
DA:36,0
DA:46,5
DA:47,2
DA:48,2
DA:49,2
DA:55,5
DA:57,5
DA:58,5
DA:66,9
DA:72,0
DA:92,0
DA:93,0
DA:115,0
LF:18
LH:12
BRDA:39,0,0,0
BRDA:39,0,1,0
BRDA:48,1,0,2
BRDA:48,1,1,0
BRDA:57,2,0,5
BRDA:57,2,1,0
BRF:6
BRH:2
end_of_record
TN:
SF:src/components/NotionFilterModal/CompoundInput/index.tsx
FN:32,(anonymous_0)
FN:44,(anonymous_1)
FN:78,(anonymous_2)
FN:82,(anonymous_3)
FN:105,(anonymous_4)
FN:109,(anonymous_5)
FN:131,(anonymous_6)
FN:135,(anonymous_7)
FN:151,(anonymous_8)
FN:189,(anonymous_9)
FN:196,(anonymous_10)
FN:207,(anonymous_11)
FNF:12
FNH:11
FNDA:25,(anonymous_0)
FNDA:175,(anonymous_1)
FNDA:14,(anonymous_2)
FNDA:0,(anonymous_3)
FNDA:25,(anonymous_4)
FNDA:1,(anonymous_5)
FNDA:25,(anonymous_6)
FNDA:1,(anonymous_7)
FNDA:25,(anonymous_8)
FNDA:5,(anonymous_9)
FNDA:1,(anonymous_10)
FNDA:1,(anonymous_11)
DA:24,2
DA:26,2
DA:32,2
DA:40,25
DA:41,25
DA:42,25
DA:44,25
DA:45,175
DA:48,25
DA:50,25
DA:53,25
DA:57,25
DA:63,25
DA:79,14
DA:83,0
DA:84,0
DA:85,0
DA:86,0
DA:88,0
DA:106,25
DA:110,1
DA:112,1
DA:113,1
DA:114,1
DA:120,1
DA:132,25
DA:136,1
DA:138,1
DA:152,25
DA:153,25
DA:155,8
DA:156,8
DA:167,17
DA:190,5
DA:197,1
DA:208,1
LF:36
LH:31
BRDA:44,0,0,25
BRDA:44,0,1,0
BRDA:50,1,0,25
BRDA:50,1,1,11
BRDA:68,2,0,11
BRDA:68,2,1,14
BRDA:94,3,0,9
BRDA:94,3,1,5
BRDA:153,4,0,8
BRDA:153,4,1,17
BRDA:155,5,0,8
BRDA:155,5,1,0
BRDA:178,6,0,25
BRDA:178,6,1,14
BRDA:203,7,0,25
BRDA:203,7,1,14
BRDA:203,7,2,9
BRF:17
BRH:15
end_of_record
TN:
SF:src/components/NotionFilterModal/DeleteIcon/index.tsx
FN:1,(anonymous_0)
FNF:1
FNH:1
FNDA:14,(anonymous_0)
DA:1,2
DA:2,14
LF:2
LH:2
BRF:0
BRH:0
end_of_record
TN:
SF:src/components/NotionProperty/NotionText/index.tsx
FN:7,(anonymous_0)
FN:9,(anonymous_1)
FN:19,(anonymous_2)
FNF:3
FNH:2
FNDA:11,(anonymous_0)
FNDA:11,(anonymous_1)
FNDA:0,(anonymous_2)
DA:7,2
DA:8,11
DA:10,11
DA:11,11
DA:12,0
DA:14,11
DA:18,0
DA:20,0
DA:22,0
DA:27,0
DA:30,0
DA:33,0
DA:36,0
DA:39,0
DA:44,0
DA:46,0
DA:59,0
DA:65,0
LF:18
LH:5
BRDA:10,0,0,11
BRDA:10,0,1,0
BRDA:11,1,0,0
BRDA:11,1,1,11
BRDA:20,2,0,0
BRDA:20,2,1,0
BRDA:20,2,2,0
BRDA:20,2,3,0
BRDA:20,2,4,0
BRDA:20,2,5,0
BRDA:20,2,6,0
BRDA:20,2,7,0
BRF:12
BRH:2
end_of_record
TN:
SF:src/components/Select/index.tsx
FN:14,(anonymous_0)
FN:36,(anonymous_1)
FNF:2
FNH:2
FNDA:72,(anonymous_0)
FNDA:253,(anonymous_1)
DA:14,2
DA:23,72
DA:37,253
LF:3
LH:3
BRDA:35,0,0,72
BRDA:35,0,1,58
BRF:2
BRH:2
end_of_record
TN:
SF:src/mocks/dictionary.ts
FNF:0
FNH:0
DA:3,2
LF:1
LH:1
BRF:0
BRH:0
end_of_record
TN:
SF:src/utils/filter.ts
FN:22,(anonymous_0)
FN:36,(anonymous_1)
FN:45,(anonymous_2)
FN:46,(anonymous_3)
FN:56,(anonymous_4)
FN:77,(anonymous_5)
FN:88,(anonymous_6)
FN:106,(anonymous_7)
FN:117,(anonymous_8)
FN:124,(anonymous_9)
FNF:10
FNH:4
FNDA:0,(anonymous_0)
FNDA:0,(anonymous_1)
FNDA:0,(anonymous_2)
FNDA:0,(anonymous_3)
FNDA:0,(anonymous_4)
FNDA:0,(anonymous_5)
FNDA:6,(anonymous_6)
FNDA:3,(anonymous_7)
FNDA:6,(anonymous_8)
FNDA:1,(anonymous_9)
DA:14,2
DA:22,2
DA:28,0
DA:29,0
DA:31,0
DA:35,0
DA:37,0
DA:45,0
DA:46,0
DA:47,0
DA:48,0
DA:50,0
DA:53,0
DA:56,0
DA:57,0
DA:59,0
DA:62,0
DA:65,0
DA:68,0
DA:71,0
DA:76,0
DA:77,0
DA:88,2
DA:89,6
DA:90,6
DA:91,1
DA:92,5
DA:93,0
DA:95,6
DA:96,3
DA:99,6
DA:106,2
DA:109,3
DA:110,3
DA:111,3
DA:112,3
DA:113,0
DA:114,0
DA:117,3
DA:118,6
DA:120,6
DA:122,6
DA:123,1
DA:124,1
DA:126,1
DA:127,1
DA:128,1
DA:132,0
DA:137,5
DA:139,6
DA:140,2
DA:142,4
DA:146,3
LF:53
LH:29
BRDA:31,0,0,0
BRDA:31,0,1,0
BRDA:31,1,0,0
BRDA:31,1,1,0
BRDA:37,2,0,0
BRDA:37,2,1,0
BRDA:48,3,0,0
BRDA:48,3,1,0
BRDA:48,3,2,0
BRDA:48,3,3,0
BRDA:81,4,0,0
BRDA:81,4,1,0
BRDA:90,5,0,1
BRDA:90,5,1,5
BRDA:92,6,0,0
BRDA:92,6,1,5
BRDA:95,7,0,3
BRDA:95,7,1,3
BRDA:111,8,0,0
BRDA:111,8,1,3
BRDA:112,9,0,0
BRDA:112,9,1,3
BRDA:122,10,0,1
BRDA:122,10,1,5
BRDA:122,11,0,6
BRDA:122,11,1,6
BRDA:127,12,0,1
BRDA:127,12,1,0
BRDA:129,13,0,1
BRDA:129,13,1,0
BRDA:133,14,0,0
BRDA:133,14,1,0
BRDA:139,15,0,2
BRDA:139,15,1,4
BRDA:147,16,0,2
BRDA:147,16,1,1
BRDA:148,17,0,1
BRDA:148,17,1,2
BRF:38
BRH:19
end_of_record
